<?xml version="1.0" encoding="UTF-8"?>
<testng-results ignored="0" total="1" passed="1" failed="0" skipped="0">
  <reporter-output>
  </reporter-output>
  <suite started-at="2023-04-04T18:59:07 IST" name="Default suite" finished-at="2023-04-04T18:59:18 IST" duration-ms="10260">
    <groups>
    </groups>
    <test started-at="2023-04-04T18:59:07 IST" name="Default test" finished-at="2023-04-04T18:59:18 IST" duration-ms="10260">
      <class name="samplePrograms.LaunchBrowser">
        <test-method signature="LaunchBrowser()[pri:0, instance:samplePrograms.LaunchBrowser@c0b41d6]" started-at="2023-04-04T18:59:07 IST" name="LaunchBrowser" finished-at="2023-04-04T18:59:18 IST" duration-ms="10096" status="PASS">
          <reporter-output>
          </reporter-output>
        </test-method> <!-- LaunchBrowser -->
      </class> <!-- samplePrograms.LaunchBrowser -->
    </test> <!-- Default test -->
  </suite> <!-- Default suite -->
</testng-results>
